<?xml version="1.0" encoding="UTF-8"?>
<!-- Generated by org.testng.reporters.JUnitXMLReporter -->
<testsuite ignored="0" hostname="DESKTOP-GSQM8SU" failures="0" tests="3" name="Default test" time="31.618" errors="0" timestamp="2025-11-12T23:58:16 IST">
  <testcase classname="com.demo.tests.LoginDDT" name="testLogin" time="1.054"/>
  <testcase classname="com.demo.tests.LoginDDT" name="testLogin" time="10.389"/>
  <testcase classname="com.demo.tests.LoginDDT" name="testLogin" time="10.334"/>
</testsuite> <!-- Default test -->
