<?xml version="1.0" encoding="UTF-8"?>
<testng-results ignored="0" total="1" passed="1" failed="0" skipped="0">
  <reporter-output>
  </reporter-output>
  <suite started-at="2025-11-10T01:10:13 IST" name="Default suite" finished-at="2025-11-10T01:10:25 IST" duration-ms="11112">
    <groups>
    </groups>
    <test started-at="2025-11-10T01:10:13 IST" name="Default test" finished-at="2025-11-10T01:10:25 IST" duration-ms="11112">
      <class name="com.demo.tests.LoginTest">
        <test-method is-config="true" signature="setUp()[pri:0, instance:com.demo.tests.LoginTest@6f03482]" started-at="2025-11-10T01:10:13 IST" name="setUp" finished-at="2025-11-10T01:10:19 IST" duration-ms="5998" status="PASS">
          <reporter-output>
          </reporter-output>
        </test-method> <!-- setUp -->
        <test-method signature="validLoginTest()[pri:0, instance:com.demo.tests.LoginTest@6f03482]" started-at="2025-11-10T01:10:19 IST" name="validLoginTest" finished-at="2025-11-10T01:10:24 IST" duration-ms="4897" status="PASS">
          <reporter-output>
          </reporter-output>
        </test-method> <!-- validLoginTest -->
        <test-method is-config="true" signature="tearDown()[pri:0, instance:com.demo.tests.LoginTest@6f03482]" started-at="2025-11-10T01:10:24 IST" name="tearDown" finished-at="2025-11-10T01:10:25 IST" duration-ms="165" status="PASS">
          <reporter-output>
          </reporter-output>
        </test-method> <!-- tearDown -->
      </class> <!-- com.demo.tests.LoginTest -->
    </test> <!-- Default test -->
  </suite> <!-- Default suite -->
</testng-results>
