<?xml version="1.0" encoding="UTF-8"?>
<!-- Generated by org.testng.reporters.JUnitReportReporter -->
<testsuite hostname="DESKTOP-GSQM8SU" failures="0" tests="2" name="com.demo.tests.TestNGAnnotationsDemo" time="0.018" errors="0" timestamp="2025-11-12T18:21:49 IST" skipped="0">
  <testcase classname="com.demo.tests.TestNGAnnotationsDemo" name="testCase2" time="0.008"/>
  <testcase classname="com.demo.tests.TestNGAnnotationsDemo" name="testCase1" time="0.010"/>
</testsuite> <!-- com.demo.tests.TestNGAnnotationsDemo -->
