<?xml version="1.0" encoding="UTF-8"?>
<!-- Generated by org.testng.reporters.JUnitReportReporter -->
<testsuite hostname="DESKTOP-GSQM8SU" failures="0" tests="3" name="com.demo.tests.LoginDDT" time="31.557" errors="0" timestamp="2025-11-12T23:58:16 IST" skipped="0">
  <testcase classname="com.demo.tests.LoginDDT" name="testLogin" time="14.068"/>
  <testcase classname="com.demo.tests.LoginDDT" name="testLogin" time="4.134"/>
  <testcase classname="com.demo.tests.LoginDDT" name="testLogin" time="13.355"/>
</testsuite> <!-- com.demo.tests.LoginDDT -->
