<?xml version="1.0" encoding="UTF-8"?>
<!-- Generated by org.testng.reporters.JUnitReportReporter -->
<testsuite hostname="DESKTOP-GSQM8SU" failures="0" tests="2" name="com.demo.tests.LoginTest_POM" time="8.613" errors="0" timestamp="2025-11-12T22:57:27 IST" skipped="0">
  <testcase classname="com.demo.tests.LoginTest_POM" name="invalidLoginTest" time="3.754"/>
  <testcase classname="com.demo.tests.LoginTest_POM" name="validLoginTest" time="4.859"/>
</testsuite> <!-- com.demo.tests.LoginTest_POM -->
